<?xml version="1.0" encoding="UTF-8"?>
<testng-results ignored="0" total="1" passed="1" failed="0" skipped="0">
  <reporter-output>
  </reporter-output>
  <suite started-at="2024-08-14T14:36:39 IST" name="Default suite" finished-at="2024-08-14T14:36:40 IST" duration-ms="40">
    <groups>
    </groups>
    <test started-at="2024-08-14T14:36:39 IST" name="Default test" finished-at="2024-08-14T14:36:40 IST" duration-ms="40">
      <class name="demo.class1">
        <test-method signature="reverse()[pri:0, instance:demo.class1@4944252c]" started-at="2024-08-14T14:36:40 IST" name="reverse" finished-at="2024-08-14T14:36:40 IST" duration-ms="6" status="PASS">
          <reporter-output>
          </reporter-output>
        </test-method> <!-- reverse -->
      </class> <!-- demo.class1 -->
    </test> <!-- Default test -->
  </suite> <!-- Default suite -->
</testng-results>
