<?xml version="1.0" encoding="UTF-8"?>
<testng-results ignored="0" total="1" passed="1" failed="0" skipped="0">
  <reporter-output>
  </reporter-output>
  <suite started-at="2024-08-15T14:39:24 IST" name="Default suite" finished-at="2024-08-15T14:39:24 IST" duration-ms="42">
    <groups>
    </groups>
    <test started-at="2024-08-15T14:39:24 IST" name="Default test" finished-at="2024-08-15T14:39:24 IST" duration-ms="42">
      <class name="demo.dev2">
        <test-method signature="class1()[pri:0, instance:demo.dev2@4944252c]" started-at="2024-08-15T14:39:24 IST" name="class1" finished-at="2024-08-15T14:39:24 IST" duration-ms="7" status="PASS">
          <reporter-output>
          </reporter-output>
        </test-method> <!-- class1 -->
      </class> <!-- demo.dev2 -->
    </test> <!-- Default test -->
  </suite> <!-- Default suite -->
</testng-results>
